<?xml version="1.0" encoding="UTF-8"?>
<!-- Generated by org.testng.reporters.JUnitXMLReporter -->
<testsuite ignored="8" hostname="DESKTOP-FVL347C" failures="0" tests="5" name="Surefire test" time="46.61" errors="0" timestamp="2026-02-05T23:26:44 IST">
  <testcase classname="com.ninjacrm.compaigntest.CreateTestForAllTest" name="CreateCampaignWIthExpDate" time="1.882"/>
  <testcase classname="com.ninjacrm.compaigntest.CreateTestForAllTest" name="CreateCampaignWithManadatoryField" time="1.049"/>
  <testcase classname="com.ninjacrm.compaigntest.CreateTestForAllTest" name="CreateCampaignWithStatusTest" time="1.188"/>
  <testcase classname="com.ninjacrm.producttest.CreateProductAllFieldTest" name="createProductAllFieldTest" time="1.696"/>
  <testcase classname="com.ninjacrm.quotestest.CreateQuotesForAllFieldsTest" name="createQuotesForAllFieldsTest" time="4.235"/>
  <testcase classname="com.ninjacrmframe.baseclass.BaseClass" name="@AfterTest afterTest" time="0.0">
    <ignored/>
  </testcase> <!-- @AfterTest afterTest -->
  <testcase classname="com.ninjacrmframe.baseclass.BaseClass" name="@AfterSuite afterSuite" time="0.0">
    <ignored/>
  </testcase> <!-- @AfterSuite afterSuite -->
  <testcase classname="com.ninjacrmframe.baseclass.BaseClass" name="@BeforeSuite beforeSuite" time="0.0">
    <ignored/>
  </testcase> <!-- @BeforeSuite beforeSuite -->
  <testcase classname="com.ninjacrmframe.baseclass.BaseClass" name="@BeforeTest beforeTest" time="0.0">
    <ignored/>
  </testcase> <!-- @BeforeTest beforeTest -->
  <testcase classname="com.ninjacrmframe.baseclass.BaseClass" name="@BeforeTest beforeTest" time="0.0">
    <ignored/>
  </testcase> <!-- @BeforeTest beforeTest -->
  <testcase classname="com.ninjacrmframe.baseclass.BaseClass" name="@BeforeSuite beforeSuite" time="0.0">
    <ignored/>
  </testcase> <!-- @BeforeSuite beforeSuite -->
  <testcase classname="com.ninjacrmframe.baseclass.BaseClass" name="@AfterSuite afterSuite" time="0.0">
    <ignored/>
  </testcase> <!-- @AfterSuite afterSuite -->
  <testcase classname="com.ninjacrmframe.baseclass.BaseClass" name="@AfterTest afterTest" time="0.0">
    <ignored/>
  </testcase> <!-- @AfterTest afterTest -->
</testsuite> <!-- Surefire test -->
