<?xml version="1.0" encoding="UTF-8"?>
<!-- Generated by org.testng.reporters.JUnitXMLReporter -->
<testsuite ignored="0" hostname="DESKTOP-FVL347C" failures="0" tests="3" name="Test2" time="17.998" errors="0" timestamp="2025-12-08T18:27:55 IST">
  <testcase classname="com.ninjacrm.compaigntest.CreateTestForAllTest" name="CreateCampaignWIthExpDate" time="2.439"/>
  <testcase classname="com.ninjacrm.compaigntest.CreateTestForAllTest" name="CreateCampaignWithManadatoryField" time="1.019"/>
  <testcase classname="com.ninjacrm.compaigntest.CreateTestForAllTest" name="CreateCampaignWithStatusTest" time="1.154"/>
</testsuite> <!-- Test2 -->
