<?xml version="1.0" encoding="UTF-8"?>
<!-- Generated by org.testng.reporters.JUnitXMLReporter -->
<testsuite ignored="4" hostname="DESKTOP-FVL347C" failures="0" tests="2" name="Test" time="16.904" errors="0" timestamp="2025-12-05T11:22:27 IST">
  <testcase classname="com.ninjacrm.producttest.CreateProductAllFieldTest" name="createProductAllFieldTest" time="3.055"/>
  <testcase classname="com.ninjacrm.quotestest.CreateQuotesForAllFieldsTest" name="createQuotesForAllFieldsTest" time="5.277"/>
  <testcase classname="com.ninjacrmframe.baseclass.BaseClass" name="@BeforeSuite beforeSuite" time="0.0">
    <ignored/>
  </testcase> <!-- @BeforeSuite beforeSuite -->
  <testcase classname="com.ninjacrmframe.baseclass.BaseClass" name="@BeforeTest beforeTest" time="0.0">
    <ignored/>
  </testcase> <!-- @BeforeTest beforeTest -->
  <testcase classname="com.ninjacrmframe.baseclass.BaseClass" name="@AfterTest afterTest" time="0.0">
    <ignored/>
  </testcase> <!-- @AfterTest afterTest -->
  <testcase classname="com.ninjacrmframe.baseclass.BaseClass" name="@AfterSuite afterSuite" time="0.0">
    <ignored/>
  </testcase> <!-- @AfterSuite afterSuite -->
</testsuite> <!-- Test -->
