<?xml version="1.0" encoding="UTF-8"?>
<!-- Generated by org.testng.reporters.JUnitReportReporter -->
<testsuite hostname="DESKTOP-FVL347C" failures="0" tests="2" name="TestNGPractice.CreateCampaignTest" time="97.792" errors="0" timestamp="2025-11-29T12:31:45 IST" skipped="0">
  <testcase classname="TestNGPractice.CreateCampaignTest" name="createCampaignWithMandatoryFieldTest" time="52.997"/>
  <testcase classname="TestNGPractice.CreateCampaignTest" name="createCampaignsWithExpetedDateTest" time="44.795"/>
</testsuite> <!-- TestNGPractice.CreateCampaignTest -->
