<?xml version="1.0" encoding="UTF-8"?>
<!-- Generated by org.testng.reporters.JUnitReportReporter -->
<testsuite hostname="DESKTOP-FVL347C" failures="0" tests="1" name="com.ninjacrm.producttest.CreateProductAllFieldTest" time="8.944" errors="0" timestamp="2025-12-08T18:27:55 IST" skipped="0">
  <testcase classname="com.ninjacrm.producttest.CreateProductAllFieldTest" name="createProductAllFieldTest" time="8.944"/>
  <system-out>
    <![CDATA[Connect to database!
Precondition!
Precondition!
PostCondition!
PostCondition!
Connection closed!]]>
  </system-out>
</testsuite> <!-- com.ninjacrm.producttest.CreateProductAllFieldTest -->
