<?xml version="1.0" encoding="UTF-8"?>
<!-- Generated by org.testng.reporters.JUnitReportReporter -->
<testsuite hostname="DESKTOP-FVL347C" failures="0" tests="1" name="com.ninjacrm.compaigntest.CreateCampaignsWithExpectedDateTest" time="84.121" errors="0" timestamp="2025-12-01T11:57:27 IST" skipped="0">
  <testcase classname="com.ninjacrm.compaigntest.CreateCampaignsWithExpectedDateTest" name="CreateCampaignWIthExpDate" time="84.121">
    <system-out>
      <![CDATA[campaign Sucessfully added!]]>
    </system-out>
  </testcase> <!-- CreateCampaignWIthExpDate -->
  <system-out>
    <![CDATA[campaign Sucessfully added!]]>
  </system-out>
</testsuite> <!-- com.ninjacrm.compaigntest.CreateCampaignsWithExpectedDateTest -->
