<?xml version="1.0" encoding="UTF-8"?>
<!-- Generated by org.testng.reporters.JUnitReportReporter -->
<testsuite hostname="DESKTOP-FVL347C" failures="0" tests="3" name="TestNGPractice.ConfigurationAnnotation" time="0.009" errors="0" timestamp="2025-12-01T00:33:36 IST" skipped="0">
  <testcase classname="TestNGPractice.ConfigurationAnnotation" name="login" time="0.005"/>
  <testcase classname="TestNGPractice.ConfigurationAnnotation" name="search" time="0.002"/>
  <testcase classname="TestNGPractice.ConfigurationAnnotation" name="loadData" time="0.002"/>
</testsuite> <!-- TestNGPractice.ConfigurationAnnotation -->
