<?xml version="1.0" encoding="UTF-8"?>
<!-- Generated by org.testng.reporters.JUnitReportReporter -->
<testsuite hostname="DESKTOP-FVL347C" failures="0" tests="1" name="com.ninjacrm.quotestest.CreateQuotesForAllFieldsTest" time="8.324" errors="0" timestamp="2025-12-05T11:22:28 IST" skipped="0">
  <testcase classname="com.ninjacrm.quotestest.CreateQuotesForAllFieldsTest" name="createQuotesForAllFieldsTest" time="8.324"/>
  <system-out>
    <![CDATA[Report configuration
Connect to database!
Precondition!
PostCondition!
Connection closed!]]>
  </system-out>
</testsuite> <!-- com.ninjacrm.quotestest.CreateQuotesForAllFieldsTest -->
