<?xml version="1.0" encoding="UTF-8"?>
<!-- Generated by org.testng.reporters.JUnitReportReporter -->
<testsuite hostname="DESKTOP-FVL347C" failures="0" tests="3" name="com.ninjacrm.compaigntest.CreateTestForAllTest" time="16.253" errors="0" timestamp="2025-12-08T18:27:55 IST" skipped="0">
  <testcase classname="com.ninjacrm.compaigntest.CreateTestForAllTest" name="CreateCampaignWithStatusTest" time="4.693"/>
  <testcase classname="com.ninjacrm.compaigntest.CreateTestForAllTest" name="CreateCampaignWithManadatoryField" time="2.862"/>
  <testcase classname="com.ninjacrm.compaigntest.CreateTestForAllTest" name="CreateCampaignWIthExpDate" time="8.698"/>
  <system-out>
    <![CDATA[Connect to database!
Precondition!
Precondition!
PostCondition!
PostCondition!
Connection closed!]]>
  </system-out>
</testsuite> <!-- com.ninjacrm.compaigntest.CreateTestForAllTest -->
