<?xml version="1.0" encoding="UTF-8"?>
<!-- Generated by org.testng.reporters.JUnitReportReporter -->
<testsuite hostname="DESKTOP-FVL347C" failures="0" tests="1" name="com.ninjacrm.producttest.CreateProductAllFieldTest" time="5.408" errors="0" timestamp="2026-02-05T23:26:44 IST" skipped="0">
  <testcase classname="com.ninjacrm.producttest.CreateProductAllFieldTest" name="createProductAllFieldTest" time="5.408"/>
  <system-out>
    <![CDATA[Connect to database!
Precondition!
PostCondition!
Connection closed!]]>
  </system-out>
</testsuite> <!-- com.ninjacrm.producttest.CreateProductAllFieldTest -->
