<?xml version="1.0" encoding="UTF-8"?>
<!-- Generated by org.testng.reporters.JUnitReportReporter -->
<testsuite hostname="DESKTOP-FVL347C" failures="0" tests="1" name="com.ninjacrm.quotestest.CreateQuotesForAllFieldsTest" time="8.213" errors="0" timestamp="2026-02-05T23:26:44 IST" skipped="0">
  <testcase classname="com.ninjacrm.quotestest.CreateQuotesForAllFieldsTest" name="createQuotesForAllFieldsTest" time="8.213"/>
  <system-out>
    <![CDATA[Connect to database!
Precondition!
PostCondition!
Connection closed!]]>
  </system-out>
</testsuite> <!-- com.ninjacrm.quotestest.CreateQuotesForAllFieldsTest -->
