<?xml version="1.0" encoding="UTF-8"?>
<!-- Generated by org.testng.reporters.JUnitReportReporter -->
<testsuite hostname="DESKTOP-FVL347C" failures="0" tests="3" name="com.ninjacrm.compaigntest.CreateTestForAllTest" time="14.261" errors="0" timestamp="2026-02-05T23:26:44 IST" skipped="0">
  <testcase classname="com.ninjacrm.compaigntest.CreateTestForAllTest" name="CreateCampaignWIthExpDate" time="5.281"/>
  <testcase classname="com.ninjacrm.compaigntest.CreateTestForAllTest" name="CreateCampaignWithManadatoryField" time="4.331"/>
  <testcase classname="com.ninjacrm.compaigntest.CreateTestForAllTest" name="CreateCampaignWithStatusTest" time="4.649"/>
  <system-out>
    <![CDATA[Connect to database!
Precondition!
PostCondition!
Connection closed!]]>
  </system-out>
</testsuite> <!-- com.ninjacrm.compaigntest.CreateTestForAllTest -->
